<?xml version="1.0" encoding="UTF-8"?>
<!-- Generated by org.testng.reporters.JUnitReportReporter -->
<testsuite hostname="LAP12345" failures="0" tests="2" name="tests.UserApiTest" time="0.897" errors="0" timestamp="21 Feb 2025 08:31:48 GMT" skipped="0">
  <testcase classname="tests.UserApiTest" name="testCreateUser" time="0.721"/>
  <testcase classname="tests.UserApiTest" name="testGetUsers" time="0.176"/>
</testsuite> <!-- tests.UserApiTest -->
